<?xml version="1.0" encoding="UTF-8"?>
<testsuite xmlns:xsi="http://www.w3.org/2001/XMLSchema-instance" xsi:noNamespaceSchemaLocation="https://maven.apache.org/surefire/maven-surefire-plugin/xsd/surefire-test-report.xsd" version="3.0.2" name="com.mycompany.times.controller.TimeControllerTest" time="4.427" tests="1" errors="0" skipped="0" failures="0" flakes="0">
  <properties>
[...]
</properties>
  <testcase name="returnsLocalAndUtcTimes" classname="com.mycompany.times.controller.TimeControllerTest" time="1.235">
    <system-out><![CDATA[11:32:44.299 [main] INFO org.springframework.test.context.support.AnnotationConfigContextLoaderUtils -- Could not detect default configuration classes for test class [com.mycompany.times.controller.TimeControllerTest]: TimeControllerTest does not declare any static, non-private, non-final, nested classes annotated with @Configuration.
11:32:44.506 [main] INFO org.springframework.boot.test.context.SpringBootTestContextBootstrapper -- Found @SpringBootConfiguration com.mycompany.times.TimesToUtcApplication for test class com.mycompany.times.controller.TimeControllerTest
11:32:44.670 [main] INFO org.springframework.test.context.support.AnnotationConfigContextLoaderUtils -- Could not detect default configuration classes for test class [com.mycompany.times.controller.TimeControllerTest]: TimeControllerTest does not declare any static, non-private, non-final, nested classes annotated with @Configuration.
11:32:44.675 [main] INFO org.springframework.boot.test.context.SpringBootTestContextBootstrapper -- Found @SpringBootConfiguration com.mycompany.times.TimesToUtcApplication for test class com.mycompany.times.controller.TimeControllerTest

  .   ____          _            __ _ _
 /\\ / ___'_ __ _ _(_)_ __  __ _ \ \ \ \
( ( )\___ | '_ | '_| | '_ \/ _` | \ \ \ \
 \\/  ___)| |_)| | | | | || (_| |  ) ) ) )
  '  |____| .__|_| |_|_| |_\__, | / / / /
 =========|_|==============|___/=/_/_/_/

 :: Spring Boot ::                (v4.1.0)

2026-07-21T11:32:45.273-06:00  INFO 16912 --- [           main] c.m.times.controller.TimeControllerTest  : Starting TimeControllerTest using Java 17.0.11 with PID 16912 (started by Richies in C:\demos\TimesToUTC)
2026-07-21T11:32:45.278-06:00  INFO 16912 --- [           main] c.m.times.controller.TimeControllerTest  : No active profile set, falling back to 1 default profile: "default"
2026-07-21T11:32:46.936-06:00  INFO 16912 --- [           main] o.s.b.t.m.w.SpringBootMockServletContext : Initializing Spring TestDispatcherServlet ''
2026-07-21T11:32:46.936-06:00  INFO 16912 --- [           main] o.s.t.web.servlet.TestDispatcherServlet  : Initializing Servlet ''
2026-07-21T11:32:46.942-06:00  INFO 16912 --- [           main] o.s.t.web.servlet.TestDispatcherServlet  : Completed initialization in 4 ms
2026-07-21T11:32:46.994-06:00  INFO 16912 --- [           main] c.m.times.controller.TimeControllerTest  : Started TimeControllerTest in 2.206 seconds (process running for 4.325)
]]></system-out>
  </testcase>
</testsuite>